<?xml version="1.0" encoding="UTF-8"?>
<!-- Generated by org.testng.reporters.JUnitReportReporter -->
<testsuite hostname="EE1403304" failures="0" tests="1" name="cucumberOptions.TestNGTestRunner" time="0.176" errors="0" timestamp="2022-10-19T18:45:47 IST" skipped="0">
  <testcase classname="cucumberOptions.TestNGTestRunner" name="runScenario" time="0.176"/>
  <system-out/>
</testsuite> <!-- cucumberOptions.TestNGTestRunner -->
