<?xml version="1.0" encoding="UTF-8"?>
<!-- Generated by org.testng.reporters.JUnitReportReporter -->
<testsuite hostname="EE1403304" failures="0" tests="1" name="cucumberOptions.TestRunner" time="13.948" errors="0" timestamp="2022-11-03T11:45:38 IST" skipped="0">
  <testcase classname="cucumberOptions.TestRunner" name="runScenario" time="13.948"/>
  <system-out/>
</testsuite> <!-- cucumberOptions.TestRunner -->
