<?xml version="1.0" encoding="UTF-8"?>
<!-- Generated by org.testng.reporters.JUnitReportReporter -->
<testsuite hostname="EE1403304" failures="0" tests="1" name="cucumberOptions.TestRunner" time="28.457" errors="0" timestamp="2022-11-30T00:15:01 IST" skipped="0">
  <testcase classname="cucumberOptions.TestRunner" name="runScenario" time="28.457"/>
  <system-out/>
</testsuite> <!-- cucumberOptions.TestRunner -->
